aaax	x	2.0
aab	aab-	1.0
aax	x	1.0
ad	a/d	1.0
a.d.	ada	2.0
anb.	anba	1.0
aud	auda	0.5
axba	az	2.5
bajn	bak	2.0
bang	banh	1.0
bank	bann	1.0
bgb	b-h	2.0
bhaa	bhab	1.0
bhal	b.j.	3.0
b/h	bh.	2.0
bmhc	bml	2.0
caan	cab	1.5
cbnb	cdb	2.0
chb.	chu	2.0
daad	daaf	1.0
daba	dabb	1.0
dada	daf	1.5
dag	dag-	1.0
duba	dubf	1.0
fady	fahn	2.0
fc	fhb	2.0
gaab	gaad	1.0
gala	gald	1.0
gb	g.b.	2.0
gg	ghaa	2.0
haad	haaf	1.0
haax	hab	1.5
halm	haly	1.0
hfc	h.m.	3.0
jaa	jaab	1.0
kau	kaub	1.0
laan	lab	1.5
lay	layd	1.0
laza	l.b.	3.0
maj.	maja	1.0
man.	mana	1.0
najb	najk	1.0
n.b.	nb.	1.0
nub	nul	1.0
unaa	unab	1.0
x	aaax	2.0
x	aax	1.0
zaal	zaam	1.0
zalf	zan	2.0
zana	zand	1.0
