STANDARD => [0.2, 0.2, 0.2, 0.2, 0.2]
ITEM => 0.1
SJ => 0.2
j => 0
RIJ => [0.020000000000000004]
ITEM => 0.1
SJ => 0.2
j => 1
RIJ => [0.020000000000000004, 0.020000000000000004]
ITEM => 0.3
SJ => 0.2
j => 2
RIJ => [0.020000000000000004, 0.020000000000000004, 0.06]
ITEM => 0.4
SJ => 0.2
j => 3
RIJ => [0.020000000000000004, 0.020000000000000004, 0.06, 0.08000000000000002]
ITEM => 0.1
SJ => 0.2
j => 4
RIJ => [0.020000000000000004, 0.020000000000000004, 0.06, 0.08000000000000002, 0.020000000000000004]
ITEM => 0.4
SJ => 0.2
j => 0
RIJ => [0.08000000000000002]
ITEM => 0.2
SJ => 0.2
j => 1
RIJ => [0.08000000000000002, 0.04000000000000001]
ITEM => 0.1
SJ => 0.2
j => 2
RIJ => [0.08000000000000002, 0.04000000000000001, 0.020000000000000004]
ITEM => 0.1
SJ => 0.2
j => 3
RIJ => [0.08000000000000002, 0.04000000000000001, 0.020000000000000004, 0.020000000000000004]
ITEM => 0.2
SJ => 0.2
j => 4
RIJ => [0.08000000000000002, 0.04000000000000001, 0.020000000000000004, 0.020000000000000004, 0.04000000000000001]
ITEM => 0.5
SJ => 0.2
j => 0
RIJ => [0.1]
ITEM => 0.05
SJ => 0.2
j => 1
RIJ => [0.1, 0.010000000000000002]
ITEM => 0.15
SJ => 0.2
j => 2
RIJ => [0.1, 0.010000000000000002, 0.03]
ITEM => 0.1
SJ => 0.2
j => 3
RIJ => [0.1, 0.010000000000000002, 0.03, 0.020000000000000004]
ITEM => 0.2
SJ => 0.2
j => 4
RIJ => [0.1, 0.010000000000000002, 0.03, 0.020000000000000004, 0.04000000000000001]
ITEM => 0.6
SJ => 0.2
j => 0
RIJ => [0.12]
ITEM => 0.1
SJ => 0.2
j => 1
RIJ => [0.12, 0.020000000000000004]
ITEM => 0.1
SJ => 0.2
j => 2
RIJ => [0.12, 0.020000000000000004, 0.020000000000000004]
ITEM => 0.1
SJ => 0.2
j => 3
RIJ => [0.12, 0.020000000000000004, 0.020000000000000004, 0.020000000000000004]
ITEM => 0.1
SJ => 0.2
j => 4
RIJ => [0.12, 0.020000000000000004, 0.020000000000000004, 0.020000000000000004, 0.020000000000000004]
ITEM => 0.5
SJ => 0.2
j => 0
RIJ => [0.1]
ITEM => 0.2
SJ => 0.2
j => 1
RIJ => [0.1, 0.04000000000000001]
ITEM => 0.2
SJ => 0.2
j => 2
RIJ => [0.1, 0.04000000000000001, 0.04000000000000001]
ITEM => 0.05
SJ => 0.2
j => 3
RIJ => [0.1, 0.04000000000000001, 0.04000000000000001, 0.010000000000000002]
ITEM => 0.05
SJ => 0.2
j => 4
RIJ => [0.1, 0.04000000000000001, 0.04000000000000001, 0.010000000000000002, 0.010000000000000002]
MAT => [[0.020000000000000004, 0.020000000000000004, 0.06, 0.08000000000000002, 0.020000000000000004], [0.08000000000000002, 0.04000000000000001, 0.020000000000000004, 0.020000000000000004, 0.04000000000000001], [0.1, 0.010000000000000002, 0.03, 0.020000000000000004, 0.04000000000000001], [0.12, 0.020000000000000004, 0.020000000000000004, 0.020000000000000004, 0.020000000000000004], [0.1, 0.04000000000000001, 0.04000000000000001, 0.010000000000000002, 0.010000000000000002]]
[0.020000000000000004, 0.08000000000000002, 0.1, 0.12, 0.1]
[0.020000000000000004, 0.04000000000000001, 0.010000000000000002, 0.020000000000000004, 0.04000000000000001]
[0.06, 0.020000000000000004, 0.03, 0.020000000000000004, 0.04000000000000001]
[0.08000000000000002, 0.020000000000000004, 0.020000000000000004, 0.020000000000000004, 0.010000000000000002]
[0.020000000000000004, 0.04000000000000001, 0.04000000000000001, 0.020000000000000004, 0.010000000000000002]
STANDARD2 => [0.42, 0.13, 0.17, 0.15, 0.13]

ITEM => 0.1
SJ => 0.42
j => 0
RIJ => [0.042]
ITEM => 0.1
SJ => 0.42
j => 1
RIJ => [0.042, 0.042]
ITEM => 0.3
SJ => 0.42
j => 2
RIJ => [0.042, 0.042, 0.126]
ITEM => 0.4
SJ => 0.42
j => 3
RIJ => [0.042, 0.042, 0.126, 0.168]
ITEM => 0.1
SJ => 0.42
j => 4
RIJ => [0.042, 0.042, 0.126, 0.168, 0.042]
ITEM => 0.4
SJ => 0.13
j => 0
RIJ => [0.052000000000000005]
ITEM => 0.2
SJ => 0.13
j => 1
RIJ => [0.052000000000000005, 0.026000000000000002]
ITEM => 0.1
SJ => 0.13
j => 2
RIJ => [0.052000000000000005, 0.026000000000000002, 0.013000000000000001]
ITEM => 0.1
SJ => 0.13
j => 3
RIJ => [0.052000000000000005, 0.026000000000000002, 0.013000000000000001, 0.013000000000000001]
ITEM => 0.2
SJ => 0.13
j => 4
RIJ => [0.052000000000000005, 0.026000000000000002, 0.013000000000000001, 0.013000000000000001, 0.026000000000000002]
ITEM => 0.5
SJ => 0.17
j => 0
RIJ => [0.085]
ITEM => 0.05
SJ => 0.17
j => 1
RIJ => [0.085, 0.0085]
ITEM => 0.15
SJ => 0.17
j => 2
RIJ => [0.085, 0.0085, 0.025500000000000002]
ITEM => 0.1
SJ => 0.17
j => 3
RIJ => [0.085, 0.0085, 0.025500000000000002, 0.017]
ITEM => 0.2
SJ => 0.17
j => 4
RIJ => [0.085, 0.0085, 0.025500000000000002, 0.017, 0.034]
ITEM => 0.6
SJ => 0.15
j => 0
RIJ => [0.09]
ITEM => 0.1
SJ => 0.15
j => 1
RIJ => [0.09, 0.015]
ITEM => 0.1
SJ => 0.15
j => 2
RIJ => [0.09, 0.015, 0.015]
ITEM => 0.1
SJ => 0.15
j => 3
RIJ => [0.09, 0.015, 0.015, 0.015]
ITEM => 0.1
SJ => 0.15
j => 4
RIJ => [0.09, 0.015, 0.015, 0.015, 0.015]
ITEM => 0.5
SJ => 0.13
j => 0
RIJ => [0.065]
ITEM => 0.2
SJ => 0.13
j => 1
RIJ => [0.065, 0.026000000000000002]
ITEM => 0.2
SJ => 0.13
j => 2
RIJ => [0.065, 0.026000000000000002, 0.026000000000000002]
ITEM => 0.05
SJ => 0.13
j => 3
RIJ => [0.065, 0.026000000000000002, 0.026000000000000002, 0.006500000000000001]
ITEM => 0.05
SJ => 0.13
j => 4
RIJ => [0.065, 0.026000000000000002, 0.026000000000000002, 0.006500000000000001, 0.006500000000000001]
MAT => [[0.042, 0.042, 0.126, 0.168, 0.042], [0.052000000000000005, 0.026000000000000002, 0.013000000000000001, 0.013000000000000001, 0.026000000000000002], [0.085, 0.0085, 0.025500000000000002, 0.017, 0.034], [0.09, 0.015, 0.015, 0.015, 0.015], [0.065, 0.026000000000000002, 0.026000000000000002, 0.006500000000000001, 0.006500000000000001]]
[0.042, 0.052000000000000005, 0.085, 0.09, 0.065]
[0.042, 0.026000000000000002, 0.0085, 0.015, 0.026000000000000002]
[0.126, 0.013000000000000001, 0.025500000000000002, 0.015, 0.026000000000000002]
[0.168, 0.013000000000000001, 0.017, 0.015, 0.006500000000000001]
[0.042, 0.026000000000000002, 0.034, 0.015, 0.006500000000000001]
STANDARD2 => [0.334, 0.1175, 0.2055, 0.2195, 0.1235]

ITEM => 0.1
SJ => 0.334
j => 0
RIJ => [0.033400000000000006]
ITEM => 0.1
SJ => 0.334
j => 1
RIJ => [0.033400000000000006, 0.033400000000000006]
ITEM => 0.3
SJ => 0.334
j => 2
RIJ => [0.033400000000000006, 0.033400000000000006, 0.1002]
ITEM => 0.4
SJ => 0.334
j => 3
RIJ => [0.033400000000000006, 0.033400000000000006, 0.1002, 0.13360000000000002]
ITEM => 0.1
SJ => 0.334
j => 4
RIJ => [0.033400000000000006, 0.033400000000000006, 0.1002, 0.13360000000000002, 0.033400000000000006]
ITEM => 0.4
SJ => 0.1175
j => 0
RIJ => [0.047]
ITEM => 0.2
SJ => 0.1175
j => 1
RIJ => [0.047, 0.0235]
ITEM => 0.1
SJ => 0.1175
j => 2
RIJ => [0.047, 0.0235, 0.01175]
ITEM => 0.1
SJ => 0.1175
j => 3
RIJ => [0.047, 0.0235, 0.01175, 0.01175]
ITEM => 0.2
SJ => 0.1175
j => 4
RIJ => [0.047, 0.0235, 0.01175, 0.01175, 0.0235]
ITEM => 0.5
SJ => 0.2055
j => 0
RIJ => [0.10275]
ITEM => 0.05
SJ => 0.2055
j => 1
RIJ => [0.10275, 0.010275]
ITEM => 0.15
SJ => 0.2055
j => 2
RIJ => [0.10275, 0.010275, 0.030824999999999998]
ITEM => 0.1
SJ => 0.2055
j => 3
RIJ => [0.10275, 0.010275, 0.030824999999999998, 0.02055]
ITEM => 0.2
SJ => 0.2055
j => 4
RIJ => [0.10275, 0.010275, 0.030824999999999998, 0.02055, 0.0411]
ITEM => 0.6
SJ => 0.2195
j => 0
RIJ => [0.13169999999999998]
ITEM => 0.1
SJ => 0.2195
j => 1
RIJ => [0.13169999999999998, 0.02195]
ITEM => 0.1
SJ => 0.2195
j => 2
RIJ => [0.13169999999999998, 0.02195, 0.02195]
ITEM => 0.1
SJ => 0.2195
j => 3
RIJ => [0.13169999999999998, 0.02195, 0.02195, 0.02195]
ITEM => 0.1
SJ => 0.2195
j => 4
RIJ => [0.13169999999999998, 0.02195, 0.02195, 0.02195, 0.02195]
ITEM => 0.5
SJ => 0.1235
j => 0
RIJ => [0.06175]
ITEM => 0.2
SJ => 0.1235
j => 1
RIJ => [0.06175, 0.0247]
ITEM => 0.2
SJ => 0.1235
j => 2
RIJ => [0.06175, 0.0247, 0.0247]
ITEM => 0.05
SJ => 0.1235
j => 3
RIJ => [0.06175, 0.0247, 0.0247, 0.006175]
ITEM => 0.05
SJ => 0.1235
j => 4
RIJ => [0.06175, 0.0247, 0.0247, 0.006175, 0.006175]
MAT => [[0.033400000000000006, 0.033400000000000006, 0.1002, 0.13360000000000002, 0.033400000000000006], [0.047, 0.0235, 0.01175, 0.01175, 0.0235], [0.10275, 0.010275, 0.030824999999999998, 0.02055, 0.0411], [0.13169999999999998, 0.02195, 0.02195, 0.02195, 0.02195], [0.06175, 0.0247, 0.0247, 0.006175, 0.006175]]
[0.033400000000000006, 0.047, 0.10275, 0.13169999999999998, 0.06175]
[0.033400000000000006, 0.0235, 0.010275, 0.02195, 0.0247]
[0.1002, 0.01175, 0.030824999999999998, 0.02195, 0.0247]
[0.13360000000000002, 0.01175, 0.02055, 0.02195, 0.006175]
[0.033400000000000006, 0.0235, 0.0411, 0.02195, 0.006175]
STANDARD2 => [0.3766, 0.1138, 0.1894, 0.194, 0.1261]

ITEM => 0.1
SJ => 0.3766
j => 0
RIJ => [0.03766]
ITEM => 0.1
SJ => 0.3766
j => 1
RIJ => [0.03766, 0.03766]
ITEM => 0.3
SJ => 0.3766
j => 2
RIJ => [0.03766, 0.03766, 0.11298]
ITEM => 0.4
SJ => 0.3766
j => 3
RIJ => [0.03766, 0.03766, 0.11298, 0.15064]
ITEM => 0.1
SJ => 0.3766
j => 4
RIJ => [0.03766, 0.03766, 0.11298, 0.15064, 0.03766]
ITEM => 0.4
SJ => 0.1138
j => 0
RIJ => [0.045520000000000005]
ITEM => 0.2
SJ => 0.1138
j => 1
RIJ => [0.045520000000000005, 0.022760000000000002]
ITEM => 0.1
SJ => 0.1138
j => 2
RIJ => [0.045520000000000005, 0.022760000000000002, 0.011380000000000001]
ITEM => 0.1
SJ => 0.1138
j => 3
RIJ => [0.045520000000000005, 0.022760000000000002, 0.011380000000000001, 0.011380000000000001]
ITEM => 0.2
SJ => 0.1138
j => 4
RIJ => [0.045520000000000005, 0.022760000000000002, 0.011380000000000001, 0.011380000000000001, 0.022760000000000002]
ITEM => 0.5
SJ => 0.1894
j => 0
RIJ => [0.0947]
ITEM => 0.05
SJ => 0.1894
j => 1
RIJ => [0.0947, 0.009470000000000001]
ITEM => 0.15
SJ => 0.1894
j => 2
RIJ => [0.0947, 0.009470000000000001, 0.02841]
ITEM => 0.1
SJ => 0.1894
j => 3
RIJ => [0.0947, 0.009470000000000001, 0.02841, 0.018940000000000002]
ITEM => 0.2
SJ => 0.1894
j => 4
RIJ => [0.0947, 0.009470000000000001, 0.02841, 0.018940000000000002, 0.037880000000000004]
ITEM => 0.6
SJ => 0.194
j => 0
RIJ => [0.1164]
ITEM => 0.1
SJ => 0.194
j => 1
RIJ => [0.1164, 0.0194]
ITEM => 0.1
SJ => 0.194
j => 2
RIJ => [0.1164, 0.0194, 0.0194]
ITEM => 0.1
SJ => 0.194
j => 3
RIJ => [0.1164, 0.0194, 0.0194, 0.0194]
ITEM => 0.1
SJ => 0.194
j => 4
RIJ => [0.1164, 0.0194, 0.0194, 0.0194, 0.0194]
ITEM => 0.5
SJ => 0.1261
j => 0
RIJ => [0.06305]
ITEM => 0.2
SJ => 0.1261
j => 1
RIJ => [0.06305, 0.02522]
ITEM => 0.2
SJ => 0.1261
j => 2
RIJ => [0.06305, 0.02522, 0.02522]
ITEM => 0.05
SJ => 0.1261
j => 3
RIJ => [0.06305, 0.02522, 0.02522, 0.006305]
ITEM => 0.05
SJ => 0.1261
j => 4
RIJ => [0.06305, 0.02522, 0.02522, 0.006305, 0.006305]
MAT => [[0.03766, 0.03766, 0.11298, 0.15064, 0.03766], [0.045520000000000005, 0.022760000000000002, 0.011380000000000001, 0.011380000000000001, 0.022760000000000002], [0.0947, 0.009470000000000001, 0.02841, 0.018940000000000002, 0.037880000000000004], [0.1164, 0.0194, 0.0194, 0.0194, 0.0194], [0.06305, 0.02522, 0.02522, 0.006305, 0.006305]]
[0.03766, 0.045520000000000005, 0.0947, 0.1164, 0.06305]
[0.03766, 0.022760000000000002, 0.009470000000000001, 0.0194, 0.02522]
[0.11298, 0.011380000000000001, 0.02841, 0.0194, 0.02522]
[0.15064, 0.011380000000000001, 0.018940000000000002, 0.0194, 0.006305]
[0.03766, 0.022760000000000002, 0.037880000000000004, 0.0194, 0.006305]
STANDARD2 => [0.3573, 0.1145, 0.1974, 0.2067, 0.124]

ITEM => 0.1
SJ => 0.3573
j => 0
RIJ => [0.035730000000000005]
ITEM => 0.1
SJ => 0.3573
j => 1
RIJ => [0.035730000000000005, 0.035730000000000005]
ITEM => 0.3
SJ => 0.3573
j => 2
RIJ => [0.035730000000000005, 0.035730000000000005, 0.10719]
ITEM => 0.4
SJ => 0.3573
j => 3
RIJ => [0.035730000000000005, 0.035730000000000005, 0.10719, 0.14292000000000002]
ITEM => 0.1
SJ => 0.3573
j => 4
RIJ => [0.035730000000000005, 0.035730000000000005, 0.10719, 0.14292000000000002, 0.035730000000000005]
ITEM => 0.4
SJ => 0.1145
j => 0
RIJ => [0.04580000000000001]
ITEM => 0.2
SJ => 0.1145
j => 1
RIJ => [0.04580000000000001, 0.022900000000000004]
ITEM => 0.1
SJ => 0.1145
j => 2
RIJ => [0.04580000000000001, 0.022900000000000004, 0.011450000000000002]
ITEM => 0.1
SJ => 0.1145
j => 3
RIJ => [0.04580000000000001, 0.022900000000000004, 0.011450000000000002, 0.011450000000000002]
ITEM => 0.2
SJ => 0.1145
j => 4
RIJ => [0.04580000000000001, 0.022900000000000004, 0.011450000000000002, 0.011450000000000002, 0.022900000000000004]
ITEM => 0.5
SJ => 0.1974
j => 0
RIJ => [0.0987]
ITEM => 0.05
SJ => 0.1974
j => 1
RIJ => [0.0987, 0.00987]
ITEM => 0.15
SJ => 0.1974
j => 2
RIJ => [0.0987, 0.00987, 0.029609999999999997]
ITEM => 0.1
SJ => 0.1974
j => 3
RIJ => [0.0987, 0.00987, 0.029609999999999997, 0.01974]
ITEM => 0.2
SJ => 0.1974
j => 4
RIJ => [0.0987, 0.00987, 0.029609999999999997, 0.01974, 0.03948]
ITEM => 0.6
SJ => 0.2067
j => 0
RIJ => [0.12401999999999999]
ITEM => 0.1
SJ => 0.2067
j => 1
RIJ => [0.12401999999999999, 0.02067]
ITEM => 0.1
SJ => 0.2067
j => 2
RIJ => [0.12401999999999999, 0.02067, 0.02067]
ITEM => 0.1
SJ => 0.2067
j => 3
RIJ => [0.12401999999999999, 0.02067, 0.02067, 0.02067]
ITEM => 0.1
SJ => 0.2067
j => 4
RIJ => [0.12401999999999999, 0.02067, 0.02067, 0.02067, 0.02067]
ITEM => 0.5
SJ => 0.124
j => 0
RIJ => [0.062]
ITEM => 0.2
SJ => 0.124
j => 1
RIJ => [0.062, 0.024800000000000003]
ITEM => 0.2
SJ => 0.124
j => 2
RIJ => [0.062, 0.024800000000000003, 0.024800000000000003]
ITEM => 0.05
SJ => 0.124
j => 3
RIJ => [0.062, 0.024800000000000003, 0.024800000000000003, 0.006200000000000001]
ITEM => 0.05
SJ => 0.124
j => 4
RIJ => [0.062, 0.024800000000000003, 0.024800000000000003, 0.006200000000000001, 0.006200000000000001]
MAT => [[0.035730000000000005, 0.035730000000000005, 0.10719, 0.14292000000000002, 0.035730000000000005], [0.04580000000000001, 0.022900000000000004, 0.011450000000000002, 0.011450000000000002, 0.022900000000000004], [0.0987, 0.00987, 0.029609999999999997, 0.01974, 0.03948], [0.12401999999999999, 0.02067, 0.02067, 0.02067, 0.02067], [0.062, 0.024800000000000003, 0.024800000000000003, 0.006200000000000001, 0.006200000000000001]]
[0.035730000000000005, 0.04580000000000001, 0.0987, 0.12401999999999999, 0.062]
[0.035730000000000005, 0.022900000000000004, 0.00987, 0.02067, 0.024800000000000003]
[0.10719, 0.011450000000000002, 0.029609999999999997, 0.02067, 0.024800000000000003]
[0.14292000000000002, 0.011450000000000002, 0.01974, 0.02067, 0.006200000000000001]
[0.035730000000000005, 0.022900000000000004, 0.03948, 0.02067, 0.006200000000000001]
STANDARD2 => [0.3663, 0.114, 0.1937, 0.201, 0.125]

ITEM => 0.1
SJ => 0.3663
j => 0
RIJ => [0.03663]
ITEM => 0.1
SJ => 0.3663
j => 1
RIJ => [0.03663, 0.03663]
ITEM => 0.3
SJ => 0.3663
j => 2
RIJ => [0.03663, 0.03663, 0.10989]
ITEM => 0.4
SJ => 0.3663
j => 3
RIJ => [0.03663, 0.03663, 0.10989, 0.14652]
ITEM => 0.1
SJ => 0.3663
j => 4
RIJ => [0.03663, 0.03663, 0.10989, 0.14652, 0.03663]
ITEM => 0.4
SJ => 0.114
j => 0
RIJ => [0.0456]
ITEM => 0.2
SJ => 0.114
j => 1
RIJ => [0.0456, 0.0228]
ITEM => 0.1
SJ => 0.114
j => 2
RIJ => [0.0456, 0.0228, 0.0114]
ITEM => 0.1
SJ => 0.114
j => 3
RIJ => [0.0456, 0.0228, 0.0114, 0.0114]
ITEM => 0.2
SJ => 0.114
j => 4
RIJ => [0.0456, 0.0228, 0.0114, 0.0114, 0.0228]
ITEM => 0.5
SJ => 0.1937
j => 0
RIJ => [0.09685]
ITEM => 0.05
SJ => 0.1937
j => 1
RIJ => [0.09685, 0.009685000000000001]
ITEM => 0.15
SJ => 0.1937
j => 2
RIJ => [0.09685, 0.009685000000000001, 0.029055]
ITEM => 0.1
SJ => 0.1937
j => 3
RIJ => [0.09685, 0.009685000000000001, 0.029055, 0.019370000000000002]
ITEM => 0.2
SJ => 0.1937
j => 4
RIJ => [0.09685, 0.009685000000000001, 0.029055, 0.019370000000000002, 0.038740000000000004]
ITEM => 0.6
SJ => 0.201
j => 0
RIJ => [0.1206]
ITEM => 0.1
SJ => 0.201
j => 1
RIJ => [0.1206, 0.020100000000000003]
ITEM => 0.1
SJ => 0.201
j => 2
RIJ => [0.1206, 0.020100000000000003, 0.020100000000000003]
ITEM => 0.1
SJ => 0.201
j => 3
RIJ => [0.1206, 0.020100000000000003, 0.020100000000000003, 0.020100000000000003]
ITEM => 0.1
SJ => 0.201
j => 4
RIJ => [0.1206, 0.020100000000000003, 0.020100000000000003, 0.020100000000000003, 0.020100000000000003]
ITEM => 0.5
SJ => 0.125
j => 0
RIJ => [0.0625]
ITEM => 0.2
SJ => 0.125
j => 1
RIJ => [0.0625, 0.025]
ITEM => 0.2
SJ => 0.125
j => 2
RIJ => [0.0625, 0.025, 0.025]
ITEM => 0.05
SJ => 0.125
j => 3
RIJ => [0.0625, 0.025, 0.025, 0.00625]
ITEM => 0.05
SJ => 0.125
j => 4
RIJ => [0.0625, 0.025, 0.025, 0.00625, 0.00625]
MAT => [[0.03663, 0.03663, 0.10989, 0.14652, 0.03663], [0.0456, 0.0228, 0.0114, 0.0114, 0.0228], [0.09685, 0.009685000000000001, 0.029055, 0.019370000000000002, 0.038740000000000004], [0.1206, 0.020100000000000003, 0.020100000000000003, 0.020100000000000003, 0.020100000000000003], [0.0625, 0.025, 0.025, 0.00625, 0.00625]]
[0.03663, 0.0456, 0.09685, 0.1206, 0.0625]
[0.03663, 0.0228, 0.009685000000000001, 0.020100000000000003, 0.025]
[0.10989, 0.0114, 0.029055, 0.020100000000000003, 0.025]
[0.14652, 0.0114, 0.019370000000000002, 0.020100000000000003, 0.00625]
[0.03663, 0.0228, 0.038740000000000004, 0.020100000000000003, 0.00625]
STANDARD2 => [0.3622, 0.1142, 0.1954, 0.2036, 0.1245]

ITEM => 0.1
SJ => 0.3622
j => 0
RIJ => [0.03622]
ITEM => 0.1
SJ => 0.3622
j => 1
RIJ => [0.03622, 0.03622]
ITEM => 0.3
SJ => 0.3622
j => 2
RIJ => [0.03622, 0.03622, 0.10866]
ITEM => 0.4
SJ => 0.3622
j => 3
RIJ => [0.03622, 0.03622, 0.10866, 0.14488]
ITEM => 0.1
SJ => 0.3622
j => 4
RIJ => [0.03622, 0.03622, 0.10866, 0.14488, 0.03622]
ITEM => 0.4
SJ => 0.1142
j => 0
RIJ => [0.04568]
ITEM => 0.2
SJ => 0.1142
j => 1
RIJ => [0.04568, 0.02284]
ITEM => 0.1
SJ => 0.1142
j => 2
RIJ => [0.04568, 0.02284, 0.01142]
ITEM => 0.1
SJ => 0.1142
j => 3
RIJ => [0.04568, 0.02284, 0.01142, 0.01142]
ITEM => 0.2
SJ => 0.1142
j => 4
RIJ => [0.04568, 0.02284, 0.01142, 0.01142, 0.02284]
ITEM => 0.5
SJ => 0.1954
j => 0
RIJ => [0.0977]
ITEM => 0.05
SJ => 0.1954
j => 1
RIJ => [0.0977, 0.009770000000000001]
ITEM => 0.15
SJ => 0.1954
j => 2
RIJ => [0.0977, 0.009770000000000001, 0.029309999999999996]
ITEM => 0.1
SJ => 0.1954
j => 3
RIJ => [0.0977, 0.009770000000000001, 0.029309999999999996, 0.019540000000000002]
ITEM => 0.2
SJ => 0.1954
j => 4
RIJ => [0.0977, 0.009770000000000001, 0.029309999999999996, 0.019540000000000002, 0.039080000000000004]
ITEM => 0.6
SJ => 0.2036
j => 0
RIJ => [0.12215999999999999]
ITEM => 0.1
SJ => 0.2036
j => 1
RIJ => [0.12215999999999999, 0.020360000000000003]
ITEM => 0.1
SJ => 0.2036
j => 2
RIJ => [0.12215999999999999, 0.020360000000000003, 0.020360000000000003]
ITEM => 0.1
SJ => 0.2036
j => 3
RIJ => [0.12215999999999999, 0.020360000000000003, 0.020360000000000003, 0.020360000000000003]
ITEM => 0.1
SJ => 0.2036
j => 4
RIJ => [0.12215999999999999, 0.020360000000000003, 0.020360000000000003, 0.020360000000000003, 0.020360000000000003]
ITEM => 0.5
SJ => 0.1245
j => 0
RIJ => [0.06225]
ITEM => 0.2
SJ => 0.1245
j => 1
RIJ => [0.06225, 0.024900000000000002]
ITEM => 0.2
SJ => 0.1245
j => 2
RIJ => [0.06225, 0.024900000000000002, 0.024900000000000002]
ITEM => 0.05
SJ => 0.1245
j => 3
RIJ => [0.06225, 0.024900000000000002, 0.024900000000000002, 0.0062250000000000005]
ITEM => 0.05
SJ => 0.1245
j => 4
RIJ => [0.06225, 0.024900000000000002, 0.024900000000000002, 0.0062250000000000005, 0.0062250000000000005]
MAT => [[0.03622, 0.03622, 0.10866, 0.14488, 0.03622], [0.04568, 0.02284, 0.01142, 0.01142, 0.02284], [0.0977, 0.009770000000000001, 0.029309999999999996, 0.019540000000000002, 0.039080000000000004], [0.12215999999999999, 0.020360000000000003, 0.020360000000000003, 0.020360000000000003, 0.020360000000000003], [0.06225, 0.024900000000000002, 0.024900000000000002, 0.0062250000000000005, 0.0062250000000000005]]
[0.03622, 0.04568, 0.0977, 0.12215999999999999, 0.06225]
[0.03622, 0.02284, 0.009770000000000001, 0.020360000000000003, 0.024900000000000002]
[0.10866, 0.01142, 0.029309999999999996, 0.020360000000000003, 0.024900000000000002]
[0.14488, 0.01142, 0.019540000000000002, 0.020360000000000003, 0.0062250000000000005]
[0.03622, 0.02284, 0.039080000000000004, 0.020360000000000003, 0.0062250000000000005]
STANDARD2 => [0.364, 0.1141, 0.1947, 0.2024, 0.1247]

ITEM => 0.1
SJ => 0.364
j => 0
RIJ => [0.0364]
ITEM => 0.1
SJ => 0.364
j => 1
RIJ => [0.0364, 0.0364]
ITEM => 0.3
SJ => 0.364
j => 2
RIJ => [0.0364, 0.0364, 0.10919999999999999]
ITEM => 0.4
SJ => 0.364
j => 3
RIJ => [0.0364, 0.0364, 0.10919999999999999, 0.1456]
ITEM => 0.1
SJ => 0.364
j => 4
RIJ => [0.0364, 0.0364, 0.10919999999999999, 0.1456, 0.0364]
ITEM => 0.4
SJ => 0.1141
j => 0
RIJ => [0.04564]
ITEM => 0.2
SJ => 0.1141
j => 1
RIJ => [0.04564, 0.02282]
ITEM => 0.1
SJ => 0.1141
j => 2
RIJ => [0.04564, 0.02282, 0.01141]
ITEM => 0.1
SJ => 0.1141
j => 3
RIJ => [0.04564, 0.02282, 0.01141, 0.01141]
ITEM => 0.2
SJ => 0.1141
j => 4
RIJ => [0.04564, 0.02282, 0.01141, 0.01141, 0.02282]
ITEM => 0.5
SJ => 0.1947
j => 0
RIJ => [0.09735]
ITEM => 0.05
SJ => 0.1947
j => 1
RIJ => [0.09735, 0.009735]
ITEM => 0.15
SJ => 0.1947
j => 2
RIJ => [0.09735, 0.009735, 0.029205000000000002]
ITEM => 0.1
SJ => 0.1947
j => 3
RIJ => [0.09735, 0.009735, 0.029205000000000002, 0.01947]
ITEM => 0.2
SJ => 0.1947
j => 4
RIJ => [0.09735, 0.009735, 0.029205000000000002, 0.01947, 0.03894]
ITEM => 0.6
SJ => 0.2024
j => 0
RIJ => [0.12143999999999999]
ITEM => 0.1
SJ => 0.2024
j => 1
RIJ => [0.12143999999999999, 0.02024]
ITEM => 0.1
SJ => 0.2024
j => 2
RIJ => [0.12143999999999999, 0.02024, 0.02024]
ITEM => 0.1
SJ => 0.2024
j => 3
RIJ => [0.12143999999999999, 0.02024, 0.02024, 0.02024]
ITEM => 0.1
SJ => 0.2024
j => 4
RIJ => [0.12143999999999999, 0.02024, 0.02024, 0.02024, 0.02024]
ITEM => 0.5
SJ => 0.1247
j => 0
RIJ => [0.06235]
ITEM => 0.2
SJ => 0.1247
j => 1
RIJ => [0.06235, 0.024940000000000004]
ITEM => 0.2
SJ => 0.1247
j => 2
RIJ => [0.06235, 0.024940000000000004, 0.024940000000000004]
ITEM => 0.05
SJ => 0.1247
j => 3
RIJ => [0.06235, 0.024940000000000004, 0.024940000000000004, 0.006235000000000001]
ITEM => 0.05
SJ => 0.1247
j => 4
RIJ => [0.06235, 0.024940000000000004, 0.024940000000000004, 0.006235000000000001, 0.006235000000000001]
MAT => [[0.0364, 0.0364, 0.10919999999999999, 0.1456, 0.0364], [0.04564, 0.02282, 0.01141, 0.01141, 0.02282], [0.09735, 0.009735, 0.029205000000000002, 0.01947, 0.03894], [0.12143999999999999, 0.02024, 0.02024, 0.02024, 0.02024], [0.06235, 0.024940000000000004, 0.024940000000000004, 0.006235000000000001, 0.006235000000000001]]
[0.0364, 0.04564, 0.09735, 0.12143999999999999, 0.06235]
[0.0364, 0.02282, 0.009735, 0.02024, 0.024940000000000004]
[0.10919999999999999, 0.01141, 0.029205000000000002, 0.02024, 0.024940000000000004]
[0.1456, 0.01141, 0.01947, 0.02024, 0.006235000000000001]
[0.0364, 0.02282, 0.03894, 0.02024, 0.006235000000000001]
STANDARD2 => [0.3632, 0.1141, 0.195, 0.203, 0.1246]

ITEM => 0.1
SJ => 0.3632
j => 0
RIJ => [0.036320000000000005]
ITEM => 0.1
SJ => 0.3632
j => 1
RIJ => [0.036320000000000005, 0.036320000000000005]
ITEM => 0.3
SJ => 0.3632
j => 2
RIJ => [0.036320000000000005, 0.036320000000000005, 0.10896]
ITEM => 0.4
SJ => 0.3632
j => 3
RIJ => [0.036320000000000005, 0.036320000000000005, 0.10896, 0.14528000000000002]
ITEM => 0.1
SJ => 0.3632
j => 4
RIJ => [0.036320000000000005, 0.036320000000000005, 0.10896, 0.14528000000000002, 0.036320000000000005]
ITEM => 0.4
SJ => 0.1141
j => 0
RIJ => [0.04564]
ITEM => 0.2
SJ => 0.1141
j => 1
RIJ => [0.04564, 0.02282]
ITEM => 0.1
SJ => 0.1141
j => 2
RIJ => [0.04564, 0.02282, 0.01141]
ITEM => 0.1
SJ => 0.1141
j => 3
RIJ => [0.04564, 0.02282, 0.01141, 0.01141]
ITEM => 0.2
SJ => 0.1141
j => 4
RIJ => [0.04564, 0.02282, 0.01141, 0.01141, 0.02282]
ITEM => 0.5
SJ => 0.195
j => 0
RIJ => [0.0975]
ITEM => 0.05
SJ => 0.195
j => 1
RIJ => [0.0975, 0.009750000000000002]
ITEM => 0.15
SJ => 0.195
j => 2
RIJ => [0.0975, 0.009750000000000002, 0.029249999999999998]
ITEM => 0.1
SJ => 0.195
j => 3
RIJ => [0.0975, 0.009750000000000002, 0.029249999999999998, 0.019500000000000003]
ITEM => 0.2
SJ => 0.195
j => 4
RIJ => [0.0975, 0.009750000000000002, 0.029249999999999998, 0.019500000000000003, 0.03900000000000001]
ITEM => 0.6
SJ => 0.203
j => 0
RIJ => [0.1218]
ITEM => 0.1
SJ => 0.203
j => 1
RIJ => [0.1218, 0.020300000000000002]
ITEM => 0.1
SJ => 0.203
j => 2
RIJ => [0.1218, 0.020300000000000002, 0.020300000000000002]
ITEM => 0.1
SJ => 0.203
j => 3
RIJ => [0.1218, 0.020300000000000002, 0.020300000000000002, 0.020300000000000002]
ITEM => 0.1
SJ => 0.203
j => 4
RIJ => [0.1218, 0.020300000000000002, 0.020300000000000002, 0.020300000000000002, 0.020300000000000002]
ITEM => 0.5
SJ => 0.1246
j => 0
RIJ => [0.0623]
ITEM => 0.2
SJ => 0.1246
j => 1
RIJ => [0.0623, 0.02492]
ITEM => 0.2
SJ => 0.1246
j => 2
RIJ => [0.0623, 0.02492, 0.02492]
ITEM => 0.05
SJ => 0.1246
j => 3
RIJ => [0.0623, 0.02492, 0.02492, 0.00623]
ITEM => 0.05
SJ => 0.1246
j => 4
RIJ => [0.0623, 0.02492, 0.02492, 0.00623, 0.00623]
MAT => [[0.036320000000000005, 0.036320000000000005, 0.10896, 0.14528000000000002, 0.036320000000000005], [0.04564, 0.02282, 0.01141, 0.01141, 0.02282], [0.0975, 0.009750000000000002, 0.029249999999999998, 0.019500000000000003, 0.03900000000000001], [0.1218, 0.020300000000000002, 0.020300000000000002, 0.020300000000000002, 0.020300000000000002], [0.0623, 0.02492, 0.02492, 0.00623, 0.00623]]
[0.036320000000000005, 0.04564, 0.0975, 0.1218, 0.0623]
[0.036320000000000005, 0.02282, 0.009750000000000002, 0.020300000000000002, 0.02492]
[0.10896, 0.01141, 0.029249999999999998, 0.020300000000000002, 0.02492]
[0.14528000000000002, 0.01141, 0.019500000000000003, 0.020300000000000002, 0.00623]
[0.036320000000000005, 0.02282, 0.03900000000000001, 0.020300000000000002, 0.00623]
STANDARD2 => [0.3636, 0.1141, 0.1948, 0.2027, 0.1247]

ITEM => 0.1
SJ => 0.3636
j => 0
RIJ => [0.036359999999999996]
ITEM => 0.1
SJ => 0.3636
j => 1
RIJ => [0.036359999999999996, 0.036359999999999996]
ITEM => 0.3
SJ => 0.3636
j => 2
RIJ => [0.036359999999999996, 0.036359999999999996, 0.10908]
ITEM => 0.4
SJ => 0.3636
j => 3
RIJ => [0.036359999999999996, 0.036359999999999996, 0.10908, 0.14543999999999999]
ITEM => 0.1
SJ => 0.3636
j => 4
RIJ => [0.036359999999999996, 0.036359999999999996, 0.10908, 0.14543999999999999, 0.036359999999999996]
ITEM => 0.4
SJ => 0.1141
j => 0
RIJ => [0.04564]
ITEM => 0.2
SJ => 0.1141
j => 1
RIJ => [0.04564, 0.02282]
ITEM => 0.1
SJ => 0.1141
j => 2
RIJ => [0.04564, 0.02282, 0.01141]
ITEM => 0.1
SJ => 0.1141
j => 3
RIJ => [0.04564, 0.02282, 0.01141, 0.01141]
ITEM => 0.2
SJ => 0.1141
j => 4
RIJ => [0.04564, 0.02282, 0.01141, 0.01141, 0.02282]
ITEM => 0.5
SJ => 0.1948
j => 0
RIJ => [0.0974]
ITEM => 0.05
SJ => 0.1948
j => 1
RIJ => [0.0974, 0.00974]
ITEM => 0.15
SJ => 0.1948
j => 2
RIJ => [0.0974, 0.00974, 0.02922]
ITEM => 0.1
SJ => 0.1948
j => 3
RIJ => [0.0974, 0.00974, 0.02922, 0.01948]
ITEM => 0.2
SJ => 0.1948
j => 4
RIJ => [0.0974, 0.00974, 0.02922, 0.01948, 0.03896]
ITEM => 0.6
SJ => 0.2027
j => 0
RIJ => [0.12161999999999999]
ITEM => 0.1
SJ => 0.2027
j => 1
RIJ => [0.12161999999999999, 0.02027]
ITEM => 0.1
SJ => 0.2027
j => 2
RIJ => [0.12161999999999999, 0.02027, 0.02027]
ITEM => 0.1
SJ => 0.2027
j => 3
RIJ => [0.12161999999999999, 0.02027, 0.02027, 0.02027]
ITEM => 0.1
SJ => 0.2027
j => 4
RIJ => [0.12161999999999999, 0.02027, 0.02027, 0.02027, 0.02027]
ITEM => 0.5
SJ => 0.1247
j => 0
RIJ => [0.06235]
ITEM => 0.2
SJ => 0.1247
j => 1
RIJ => [0.06235, 0.024940000000000004]
ITEM => 0.2
SJ => 0.1247
j => 2
RIJ => [0.06235, 0.024940000000000004, 0.024940000000000004]
ITEM => 0.05
SJ => 0.1247
j => 3
RIJ => [0.06235, 0.024940000000000004, 0.024940000000000004, 0.006235000000000001]
ITEM => 0.05
SJ => 0.1247
j => 4
RIJ => [0.06235, 0.024940000000000004, 0.024940000000000004, 0.006235000000000001, 0.006235000000000001]
MAT => [[0.036359999999999996, 0.036359999999999996, 0.10908, 0.14543999999999999, 0.036359999999999996], [0.04564, 0.02282, 0.01141, 0.01141, 0.02282], [0.0974, 0.00974, 0.02922, 0.01948, 0.03896], [0.12161999999999999, 0.02027, 0.02027, 0.02027, 0.02027], [0.06235, 0.024940000000000004, 0.024940000000000004, 0.006235000000000001, 0.006235000000000001]]
[0.036359999999999996, 0.04564, 0.0974, 0.12161999999999999, 0.06235]
[0.036359999999999996, 0.02282, 0.00974, 0.02027, 0.024940000000000004]
[0.10908, 0.01141, 0.02922, 0.02027, 0.024940000000000004]
[0.14543999999999999, 0.01141, 0.01948, 0.02027, 0.006235000000000001]
[0.036359999999999996, 0.02282, 0.03896, 0.02027, 0.006235000000000001]
STANDARD2 => [0.3634, 0.1141, 0.1949, 0.2028, 0.1246]

ITEM => 0.1
SJ => 0.3634
j => 0
RIJ => [0.036340000000000004]
ITEM => 0.1
SJ => 0.3634
j => 1
RIJ => [0.036340000000000004, 0.036340000000000004]
ITEM => 0.3
SJ => 0.3634
j => 2
RIJ => [0.036340000000000004, 0.036340000000000004, 0.10901999999999999]
ITEM => 0.4
SJ => 0.3634
j => 3
RIJ => [0.036340000000000004, 0.036340000000000004, 0.10901999999999999, 0.14536000000000002]
ITEM => 0.1
SJ => 0.3634
j => 4
RIJ => [0.036340000000000004, 0.036340000000000004, 0.10901999999999999, 0.14536000000000002, 0.036340000000000004]
ITEM => 0.4
SJ => 0.1141
j => 0
RIJ => [0.04564]
ITEM => 0.2
SJ => 0.1141
j => 1
RIJ => [0.04564, 0.02282]
ITEM => 0.1
SJ => 0.1141
j => 2
RIJ => [0.04564, 0.02282, 0.01141]
ITEM => 0.1
SJ => 0.1141
j => 3
RIJ => [0.04564, 0.02282, 0.01141, 0.01141]
ITEM => 0.2
SJ => 0.1141
j => 4
RIJ => [0.04564, 0.02282, 0.01141, 0.01141, 0.02282]
ITEM => 0.5
SJ => 0.1949
j => 0
RIJ => [0.09745]
ITEM => 0.05
SJ => 0.1949
j => 1
RIJ => [0.09745, 0.009745]
ITEM => 0.15
SJ => 0.1949
j => 2
RIJ => [0.09745, 0.009745, 0.029234999999999997]
ITEM => 0.1
SJ => 0.1949
j => 3
RIJ => [0.09745, 0.009745, 0.029234999999999997, 0.01949]
ITEM => 0.2
SJ => 0.1949
j => 4
RIJ => [0.09745, 0.009745, 0.029234999999999997, 0.01949, 0.03898]
ITEM => 0.6
SJ => 0.2028
j => 0
RIJ => [0.12168]
ITEM => 0.1
SJ => 0.2028
j => 1
RIJ => [0.12168, 0.020280000000000003]
ITEM => 0.1
SJ => 0.2028
j => 2
RIJ => [0.12168, 0.020280000000000003, 0.020280000000000003]
ITEM => 0.1
SJ => 0.2028
j => 3
RIJ => [0.12168, 0.020280000000000003, 0.020280000000000003, 0.020280000000000003]
ITEM => 0.1
SJ => 0.2028
j => 4
RIJ => [0.12168, 0.020280000000000003, 0.020280000000000003, 0.020280000000000003, 0.020280000000000003]
ITEM => 0.5
SJ => 0.1246
j => 0
RIJ => [0.0623]
ITEM => 0.2
SJ => 0.1246
j => 1
RIJ => [0.0623, 0.02492]
ITEM => 0.2
SJ => 0.1246
j => 2
RIJ => [0.0623, 0.02492, 0.02492]
ITEM => 0.05
SJ => 0.1246
j => 3
RIJ => [0.0623, 0.02492, 0.02492, 0.00623]
ITEM => 0.05
SJ => 0.1246
j => 4
RIJ => [0.0623, 0.02492, 0.02492, 0.00623, 0.00623]
MAT => [[0.036340000000000004, 0.036340000000000004, 0.10901999999999999, 0.14536000000000002, 0.036340000000000004], [0.04564, 0.02282, 0.01141, 0.01141, 0.02282], [0.09745, 0.009745, 0.029234999999999997, 0.01949, 0.03898], [0.12168, 0.020280000000000003, 0.020280000000000003, 0.020280000000000003, 0.020280000000000003], [0.0623, 0.02492, 0.02492, 0.00623, 0.00623]]
[0.036340000000000004, 0.04564, 0.09745, 0.12168, 0.0623]
[0.036340000000000004, 0.02282, 0.009745, 0.020280000000000003, 0.02492]
[0.10901999999999999, 0.01141, 0.029234999999999997, 0.020280000000000003, 0.02492]
[0.14536000000000002, 0.01141, 0.01949, 0.020280000000000003, 0.00623]
[0.036340000000000004, 0.02282, 0.03898, 0.020280000000000003, 0.00623]
STANDARD2 => [0.3634, 0.1141, 0.1949, 0.2028, 0.1247]

ITEM => 0.1
SJ => 0.3634
j => 0
RIJ => [0.036340000000000004]
ITEM => 0.1
SJ => 0.3634
j => 1
RIJ => [0.036340000000000004, 0.036340000000000004]
ITEM => 0.3
SJ => 0.3634
j => 2
RIJ => [0.036340000000000004, 0.036340000000000004, 0.10901999999999999]
ITEM => 0.4
SJ => 0.3634
j => 3
RIJ => [0.036340000000000004, 0.036340000000000004, 0.10901999999999999, 0.14536000000000002]
ITEM => 0.1
SJ => 0.3634
j => 4
RIJ => [0.036340000000000004, 0.036340000000000004, 0.10901999999999999, 0.14536000000000002, 0.036340000000000004]
ITEM => 0.4
SJ => 0.1141
j => 0
RIJ => [0.04564]
ITEM => 0.2
SJ => 0.1141
j => 1
RIJ => [0.04564, 0.02282]
ITEM => 0.1
SJ => 0.1141
j => 2
RIJ => [0.04564, 0.02282, 0.01141]
ITEM => 0.1
SJ => 0.1141
j => 3
RIJ => [0.04564, 0.02282, 0.01141, 0.01141]
ITEM => 0.2
SJ => 0.1141
j => 4
RIJ => [0.04564, 0.02282, 0.01141, 0.01141, 0.02282]
ITEM => 0.5
SJ => 0.1949
j => 0
RIJ => [0.09745]
ITEM => 0.05
SJ => 0.1949
j => 1
RIJ => [0.09745, 0.009745]
ITEM => 0.15
SJ => 0.1949
j => 2
RIJ => [0.09745, 0.009745, 0.029234999999999997]
ITEM => 0.1
SJ => 0.1949
j => 3
RIJ => [0.09745, 0.009745, 0.029234999999999997, 0.01949]
ITEM => 0.2
SJ => 0.1949
j => 4
RIJ => [0.09745, 0.009745, 0.029234999999999997, 0.01949, 0.03898]
ITEM => 0.6
SJ => 0.2028
j => 0
RIJ => [0.12168]
ITEM => 0.1
SJ => 0.2028
j => 1
RIJ => [0.12168, 0.020280000000000003]
ITEM => 0.1
SJ => 0.2028
j => 2
RIJ => [0.12168, 0.020280000000000003, 0.020280000000000003]
ITEM => 0.1
SJ => 0.2028
j => 3
RIJ => [0.12168, 0.020280000000000003, 0.020280000000000003, 0.020280000000000003]
ITEM => 0.1
SJ => 0.2028
j => 4
RIJ => [0.12168, 0.020280000000000003, 0.020280000000000003, 0.020280000000000003, 0.020280000000000003]
ITEM => 0.5
SJ => 0.1247
j => 0
RIJ => [0.06235]
ITEM => 0.2
SJ => 0.1247
j => 1
RIJ => [0.06235, 0.024940000000000004]
ITEM => 0.2
SJ => 0.1247
j => 2
RIJ => [0.06235, 0.024940000000000004, 0.024940000000000004]
ITEM => 0.05
SJ => 0.1247
j => 3
RIJ => [0.06235, 0.024940000000000004, 0.024940000000000004, 0.006235000000000001]
ITEM => 0.05
SJ => 0.1247
j => 4
RIJ => [0.06235, 0.024940000000000004, 0.024940000000000004, 0.006235000000000001, 0.006235000000000001]
MAT => [[0.036340000000000004, 0.036340000000000004, 0.10901999999999999, 0.14536000000000002, 0.036340000000000004], [0.04564, 0.02282, 0.01141, 0.01141, 0.02282], [0.09745, 0.009745, 0.029234999999999997, 0.01949, 0.03898], [0.12168, 0.020280000000000003, 0.020280000000000003, 0.020280000000000003, 0.020280000000000003], [0.06235, 0.024940000000000004, 0.024940000000000004, 0.006235000000000001, 0.006235000000000001]]
[0.036340000000000004, 0.04564, 0.09745, 0.12168, 0.06235]
[0.036340000000000004, 0.02282, 0.009745, 0.020280000000000003, 0.024940000000000004]
[0.10901999999999999, 0.01141, 0.029234999999999997, 0.020280000000000003, 0.024940000000000004]
[0.14536000000000002, 0.01141, 0.01949, 0.020280000000000003, 0.006235000000000001]
[0.036340000000000004, 0.02282, 0.03898, 0.020280000000000003, 0.006235000000000001]
STANDARD2 => [0.3635, 0.1141, 0.1949, 0.2028, 0.1247]

ITEM => 0.1
SJ => 0.3635
j => 0
RIJ => [0.03635]
ITEM => 0.1
SJ => 0.3635
j => 1
RIJ => [0.03635, 0.03635]
ITEM => 0.3
SJ => 0.3635
j => 2
RIJ => [0.03635, 0.03635, 0.10905]
ITEM => 0.4
SJ => 0.3635
j => 3
RIJ => [0.03635, 0.03635, 0.10905, 0.1454]
ITEM => 0.1
SJ => 0.3635
j => 4
RIJ => [0.03635, 0.03635, 0.10905, 0.1454, 0.03635]
ITEM => 0.4
SJ => 0.1141
j => 0
RIJ => [0.04564]
ITEM => 0.2
SJ => 0.1141
j => 1
RIJ => [0.04564, 0.02282]
ITEM => 0.1
SJ => 0.1141
j => 2
RIJ => [0.04564, 0.02282, 0.01141]
ITEM => 0.1
SJ => 0.1141
j => 3
RIJ => [0.04564, 0.02282, 0.01141, 0.01141]
ITEM => 0.2
SJ => 0.1141
j => 4
RIJ => [0.04564, 0.02282, 0.01141, 0.01141, 0.02282]
ITEM => 0.5
SJ => 0.1949
j => 0
RIJ => [0.09745]
ITEM => 0.05
SJ => 0.1949
j => 1
RIJ => [0.09745, 0.009745]
ITEM => 0.15
SJ => 0.1949
j => 2
RIJ => [0.09745, 0.009745, 0.029234999999999997]
ITEM => 0.1
SJ => 0.1949
j => 3
RIJ => [0.09745, 0.009745, 0.029234999999999997, 0.01949]
ITEM => 0.2
SJ => 0.1949
j => 4
RIJ => [0.09745, 0.009745, 0.029234999999999997, 0.01949, 0.03898]
ITEM => 0.6
SJ => 0.2028
j => 0
RIJ => [0.12168]
ITEM => 0.1
SJ => 0.2028
j => 1
RIJ => [0.12168, 0.020280000000000003]
ITEM => 0.1
SJ => 0.2028
j => 2
RIJ => [0.12168, 0.020280000000000003, 0.020280000000000003]
ITEM => 0.1
SJ => 0.2028
j => 3
RIJ => [0.12168, 0.020280000000000003, 0.020280000000000003, 0.020280000000000003]
ITEM => 0.1
SJ => 0.2028
j => 4
RIJ => [0.12168, 0.020280000000000003, 0.020280000000000003, 0.020280000000000003, 0.020280000000000003]
ITEM => 0.5
SJ => 0.1247
j => 0
RIJ => [0.06235]
ITEM => 0.2
SJ => 0.1247
j => 1
RIJ => [0.06235, 0.024940000000000004]
ITEM => 0.2
SJ => 0.1247
j => 2
RIJ => [0.06235, 0.024940000000000004, 0.024940000000000004]
ITEM => 0.05
SJ => 0.1247
j => 3
RIJ => [0.06235, 0.024940000000000004, 0.024940000000000004, 0.006235000000000001]
ITEM => 0.05
SJ => 0.1247
j => 4
RIJ => [0.06235, 0.024940000000000004, 0.024940000000000004, 0.006235000000000001, 0.006235000000000001]
MAT => [[0.03635, 0.03635, 0.10905, 0.1454, 0.03635], [0.04564, 0.02282, 0.01141, 0.01141, 0.02282], [0.09745, 0.009745, 0.029234999999999997, 0.01949, 0.03898], [0.12168, 0.020280000000000003, 0.020280000000000003, 0.020280000000000003, 0.020280000000000003], [0.06235, 0.024940000000000004, 0.024940000000000004, 0.006235000000000001, 0.006235000000000001]]
[0.03635, 0.04564, 0.09745, 0.12168, 0.06235]
[0.03635, 0.02282, 0.009745, 0.020280000000000003, 0.024940000000000004]
[0.10905, 0.01141, 0.029234999999999997, 0.020280000000000003, 0.024940000000000004]
[0.1454, 0.01141, 0.01949, 0.020280000000000003, 0.006235000000000001]
[0.03635, 0.02282, 0.03898, 0.020280000000000003, 0.006235000000000001]
STANDARD2 => [0.3635, 0.1141, 0.1949, 0.2028, 0.1247]

0.3635	0.1141	0.1949	0.2028	0.1247
